<?xml version="1.0" encoding="UTF-8"?>
<!-- Generated by org.testng.reporters.JUnitReportReporter -->
<testsuite hostname="DESKTOP-U6BHE7I" failures="0" tests="1" name="testCases.TC001_AccountRegistrationTest" time="3.135" errors="0" timestamp="2024-10-03T12:48:55 IST" skipped="0">
  <testcase classname="testCases.TC001_AccountRegistrationTest" name="verify_account_registration" time="3.135"/>
</testsuite> <!-- testCases.TC001_AccountRegistrationTest -->
