<?xml version="1.0" encoding="UTF-8"?>
<!-- Generated by org.testng.reporters.JUnitReportReporter -->
<testsuite hostname="DESKTOP-U6BHE7I" failures="0" tests="1" name="testCases.TC002_LoginTest" time="2.728" errors="0" timestamp="2024-10-03T12:48:55 IST" skipped="0">
  <testcase classname="testCases.TC002_LoginTest" name="verify_login" time="2.728"/>
</testsuite> <!-- testCases.TC002_LoginTest -->
